2019-03-13T04:05:10.553Z - normal: Load ~/.CocosCreator/settings.json
2019-03-13T04:05:10.607Z - normal: Initializing Asset Database
2019-03-13T04:05:10.610Z - normal: checking language setting...
2019-03-13T04:05:10.610Z - normal: Language: zh
2019-03-13T04:05:11.247Z - success: preview server running at http://localhost:7457
2019-03-13T04:05:11.281Z - success: protocol editor-framework registered
2019-03-13T04:05:11.281Z - success: protocol app registered
2019-03-13T04:05:11.282Z - success: protocol theme registered
2019-03-13T04:05:11.282Z - success: protocol packages registered
2019-03-13T04:05:11.282Z - success: protocol uuid registerred
2019-03-13T04:05:11.282Z - success: protocol db registerred
2019-03-13T04:05:11.282Z - success: protocol thumbnail registerred
2019-03-13T04:05:11.282Z - success: protocol unpack registerred
2019-03-13T04:05:11.282Z - success: protocol disable-commonjs registerred
2019-03-13T04:05:12.270Z - normal: connected!
2019-03-13T04:05:12.271Z - normal: Check project /Users/mac/DoubleShoot
2019-03-13T04:05:12.272Z - normal: Initializing project /Users/mac/DoubleShoot
2019-03-13T04:05:12.771Z - normal: Initializing Cocos2d
2019-03-13T04:05:13.368Z - normal: Initializing engine extends
2019-03-13T04:05:13.401Z - success: asset-db-debugger loaded
2019-03-13T04:05:13.402Z - success: color-picker loaded
2019-03-13T04:05:13.483Z - success: fb-audience-network loaded
2019-03-13T04:05:13.520Z - success: fb-live-stream loaded
2019-03-13T04:05:13.523Z - success: google-play-instant loaded
2019-03-13T04:05:13.526Z - success: huawei-runtime loaded
2019-03-13T04:05:13.527Z - success: jsb-adapter loaded
2019-03-13T04:05:13.531Z - success: oppo-runtime loaded
2019-03-13T04:05:13.539Z - success: package-manager loaded
2019-03-13T04:05:13.659Z - success: qqplay-adapter loaded
2019-03-13T04:05:13.661Z - success: runtime-dev-tools loaded
2019-03-13T04:05:13.669Z - success: sdkbox loaded
2019-03-13T04:05:13.677Z - success: tester loaded
2019-03-13T04:05:13.687Z - success: ui-grid loaded
2019-03-13T04:05:13.693Z - success: ui-kit-preview-extra loaded
2019-03-13T04:05:13.702Z - success: ui-kit-preview loaded
2019-03-13T04:05:13.709Z - success: ui-kit loaded
2019-03-13T04:05:13.715Z - success: ui-tree loaded
2019-03-13T04:05:13.719Z - success: vivo-runtime loaded
2019-03-13T04:05:13.719Z - success: weapp-adapter loaded
2019-03-13T04:05:13.778Z - success: assets loaded
2019-03-13T04:05:13.787Z - success: builder loaded
2019-03-13T04:05:14.023Z - success: cocos-services loaded
2019-03-13T04:05:14.032Z - success: console loaded
2019-03-13T04:05:14.060Z - success: fb-instant-games loaded
2019-03-13T04:05:14.061Z - success: google-instant-games loaded
2019-03-13T04:05:14.072Z - success: hierarchy loaded
2019-03-13T04:05:14.080Z - success: inspector loaded
2019-03-13T04:05:14.081Z - success: keystore loaded
2019-03-13T04:05:14.089Z - success: node-library loaded
2019-03-13T04:05:14.090Z - success: package-asset loaded
2019-03-13T04:05:14.092Z - success: preferences loaded
2019-03-13T04:05:14.101Z - success: project-exporter loaded
2019-03-13T04:05:14.109Z - success: project-importer loaded
2019-03-13T04:05:14.116Z - success: project-settings loaded
2019-03-13T04:05:14.124Z - success: scene loaded
2019-03-13T04:05:14.126Z - success: simulator-debugger loaded
2019-03-13T04:05:14.127Z - success: sprite-editor loaded
2019-03-13T04:05:14.135Z - success: store loaded
2019-03-13T04:05:14.144Z - success: timeline loaded
2019-03-13T04:05:14.154Z - success: plugin-matchvs loaded
2019-03-13T04:05:19.675Z - normal: Loading packages
2019-03-13T04:05:19.680Z - normal: Watching packages
2019-03-13T04:05:19.754Z - normal: Run Application
2019-03-13T04:05:20.172Z - info: Cocos Services load base data!
2019-03-13T04:05:24.367Z - warn: Please change the definition of property 'loseClip' in class 'uiResult'. Starting from v1.10,
the use of declaring a property in CCClass as a URL has been deprecated.
For example, if property is Texture2D, the previous definition is:
    loseClip: cc.Texture2D,
    // or:
    loseClip: {
      url: cc.Texture2D,
      default: ""
    },
Now it should be changed to:
    loseClip: {
      type: cc.Texture2D, // use 'type:' to define Texture2D object directly
      default: null,      // object's default value is null
    },
(This helps us to successfully refactor all RawAssets at v2.0, sorry for the inconvenience. 😰 )
2019-03-13T04:05:24.367Z - warn: Please change the definition of property 'victoryClip' in class 'uiResult'. Starting from v1.10,
the use of declaring a property in CCClass as a URL has been deprecated.
For example, if property is Texture2D, the previous definition is:
    victoryClip: cc.Texture2D,
    // or:
    victoryClip: {
      url: cc.Texture2D,
      default: ""
    },
Now it should be changed to:
    victoryClip: {
      type: cc.Texture2D, // use 'type:' to define Texture2D object directly
      default: null,      // object's default value is null
    },
(This helps us to successfully refactor all RawAssets at v2.0, sorry for the inconvenience. 😰 )
2019-03-13T04:05:24.372Z - warn: Please change the definition of property 'loseClip' in class 'uiVsResult'. Starting from v1.10,
the use of declaring a property in CCClass as a URL has been deprecated.
For example, if property is Texture2D, the previous definition is:
    loseClip: cc.Texture2D,
    // or:
    loseClip: {
      url: cc.Texture2D,
      default: ""
    },
Now it should be changed to:
    loseClip: {
      type: cc.Texture2D, // use 'type:' to define Texture2D object directly
      default: null,      // object's default value is null
    },
(This helps us to successfully refactor all RawAssets at v2.0, sorry for the inconvenience. 😰 )
2019-03-13T04:05:24.372Z - warn: Please change the definition of property 'victoryClip' in class 'uiVsResult'. Starting from v1.10,
the use of declaring a property in CCClass as a URL has been deprecated.
For example, if property is Texture2D, the previous definition is:
    victoryClip: cc.Texture2D,
    // or:
    victoryClip: {
      url: cc.Texture2D,
      default: ""
    },
Now it should be changed to:
    victoryClip: {
      type: cc.Texture2D, // use 'type:' to define Texture2D object directly
      default: null,      // object's default value is null
    },
(This helps us to successfully refactor all RawAssets at v2.0, sorry for the inconvenience. 😰 )
2019-03-13T04:05:24.382Z - warn: Please change the definition of property 'fireClip' in class 'player'. Starting from v1.10,
the use of declaring a property in CCClass as a URL has been deprecated.
For example, if property is Texture2D, the previous definition is:
    fireClip: cc.Texture2D,
    // or:
    fireClip: {
      url: cc.Texture2D,
      default: ""
    },
Now it should be changed to:
    fireClip: {
      type: cc.Texture2D, // use 'type:' to define Texture2D object directly
      default: null,      // object's default value is null
    },
(This helps us to successfully refactor all RawAssets at v2.0, sorry for the inconvenience. 😰 )
2019-03-13T04:05:24.382Z - warn: Please change the definition of property 'hurtClip' in class 'player'. Starting from v1.10,
the use of declaring a property in CCClass as a URL has been deprecated.
For example, if property is Texture2D, the previous definition is:
    hurtClip: cc.Texture2D,
    // or:
    hurtClip: {
      url: cc.Texture2D,
      default: ""
    },
Now it should be changed to:
    hurtClip: {
      type: cc.Texture2D, // use 'type:' to define Texture2D object directly
      default: null,      // object's default value is null
    },
(This helps us to successfully refactor all RawAssets at v2.0, sorry for the inconvenience. 😰 )
2019-03-13T04:05:24.382Z - warn: Please change the definition of property 'deadClip' in class 'player'. Starting from v1.10,
the use of declaring a property in CCClass as a URL has been deprecated.
For example, if property is Texture2D, the previous definition is:
    deadClip: cc.Texture2D,
    // or:
    deadClip: {
      url: cc.Texture2D,
      default: ""
    },
Now it should be changed to:
    deadClip: {
      type: cc.Texture2D, // use 'type:' to define Texture2D object directly
      default: null,      // object's default value is null
    },
(This helps us to successfully refactor all RawAssets at v2.0, sorry for the inconvenience. 😰 )
2019-03-13T04:05:24.385Z - warn: Please change the definition of property 'explosionClip' in class 'shootgunItem'. Starting from v1.10,
the use of declaring a property in CCClass as a URL has been deprecated.
For example, if property is Texture2D, the previous definition is:
    explosionClip: cc.Texture2D,
    // or:
    explosionClip: {
      url: cc.Texture2D,
      default: ""
    },
Now it should be changed to:
    explosionClip: {
      type: cc.Texture2D, // use 'type:' to define Texture2D object directly
      default: null,      // object's default value is null
    },
(This helps us to successfully refactor all RawAssets at v2.0, sorry for the inconvenience. 😰 )
2019-03-13T04:05:24.387Z - warn: Please change the definition of property 'bgmAudio' in class 'uiGamePanel'. Starting from v1.10,
the use of declaring a property in CCClass as a URL has been deprecated.
For example, if property is Texture2D, the previous definition is:
    bgmAudio: cc.Texture2D,
    // or:
    bgmAudio: {
      url: cc.Texture2D,
      default: ""
    },
Now it should be changed to:
    bgmAudio: {
      type: cc.Texture2D, // use 'type:' to define Texture2D object directly
      default: null,      // object's default value is null
    },
(This helps us to successfully refactor all RawAssets at v2.0, sorry for the inconvenience. 😰 )
